DEBUG main io.netty.util.internal.logging.InternalLoggerFactory - Using SLF4J as the default logging framework
DEBUG main io.netty.channel.MultithreadEventLoopGroup - -Dio.netty.eventLoopThreads: 16
DEBUG main io.netty.util.internal.PlatformDependent0 - java.nio.Buffer.address: available
DEBUG main io.netty.util.internal.PlatformDependent0 - sun.misc.Unsafe.theUnsafe: available
DEBUG main io.netty.util.internal.PlatformDependent0 - sun.misc.Unsafe.copyMemory: available
DEBUG main io.netty.util.internal.PlatformDependent0 - direct buffer constructor: available
DEBUG main io.netty.util.internal.PlatformDependent0 - java.nio.Bits.unaligned: available, true
DEBUG main io.netty.util.internal.PlatformDependent0 - java.nio.DirectByteBuffer.<init>(long, int): available
DEBUG main io.netty.util.internal.Cleaner0 - java.nio.ByteBuffer.cleaner(): available
DEBUG main io.netty.util.internal.PlatformDependent - Java version: 8
DEBUG main io.netty.util.internal.PlatformDependent - -Dio.netty.noUnsafe: false
DEBUG main io.netty.util.internal.PlatformDependent - sun.misc.Unsafe: available
DEBUG main io.netty.util.internal.PlatformDependent - -Dio.netty.noJavassist: false
DEBUG main io.netty.util.internal.PlatformDependent - Javassist: unavailable
DEBUG main io.netty.util.internal.PlatformDependent - You don't have Javassist in your class path or you don't have enough permission to load dynamically generated classes.  Please check the configuration for better performance.
DEBUG main io.netty.util.internal.PlatformDependent - -Dio.netty.tmpdir: /tmp (java.io.tmpdir)
DEBUG main io.netty.util.internal.PlatformDependent - -Dio.netty.bitMode: 64 (sun.arch.data.model)
DEBUG main io.netty.util.internal.PlatformDependent - -Dio.netty.noPreferDirect: false
DEBUG main io.netty.util.internal.PlatformDependent - io.netty.maxDirectMemory: 7464288256 bytes
DEBUG main io.netty.channel.nio.NioEventLoop - -Dio.netty.noKeySetOptimization: false
DEBUG main io.netty.channel.nio.NioEventLoop - -Dio.netty.selectorAutoRebuildThreshold: 512
DEBUG main io.netty.util.internal.PlatformDependent - org.jctools-core.MpscChunkedArrayQueue: available
DEBUG main io.netty.channel.DefaultChannelId - -Dio.netty.processId: 27172 (auto-detected)
DEBUG main io.netty.util.NetUtil - -Djava.net.preferIPv4Stack: false
DEBUG main io.netty.util.NetUtil - -Djava.net.preferIPv6Addresses: false
DEBUG main io.netty.util.NetUtil - Loopback interface: lo (lo, 0:0:0:0:0:0:0:1%lo)
DEBUG main io.netty.util.NetUtil - /proc/sys/net/core/somaxconn: 128
DEBUG main io.netty.channel.DefaultChannelId - -Dio.netty.machineId: 84:7b:eb:ff:fe:54:f2:ec (auto-detected)
DEBUG main io.netty.util.internal.ThreadLocalRandom - -Dio.netty.initialSeedUniquifier: 0xbfb88adfd91781ab
DEBUG main io.netty.util.ResourceLeakDetector - -Dio.netty.leakDetection.level: simple
DEBUG main io.netty.util.ResourceLeakDetector - -Dio.netty.leakDetection.maxRecords: 4
DEBUG main io.netty.buffer.PooledByteBufAllocator - -Dio.netty.allocator.numHeapArenas: 16
DEBUG main io.netty.buffer.PooledByteBufAllocator - -Dio.netty.allocator.numDirectArenas: 16
DEBUG main io.netty.buffer.PooledByteBufAllocator - -Dio.netty.allocator.pageSize: 8192
DEBUG main io.netty.buffer.PooledByteBufAllocator - -Dio.netty.allocator.maxOrder: 11
DEBUG main io.netty.buffer.PooledByteBufAllocator - -Dio.netty.allocator.chunkSize: 16777216
DEBUG main io.netty.buffer.PooledByteBufAllocator - -Dio.netty.allocator.tinyCacheSize: 512
DEBUG main io.netty.buffer.PooledByteBufAllocator - -Dio.netty.allocator.smallCacheSize: 256
DEBUG main io.netty.buffer.PooledByteBufAllocator - -Dio.netty.allocator.normalCacheSize: 64
DEBUG main io.netty.buffer.PooledByteBufAllocator - -Dio.netty.allocator.maxCachedBufferCapacity: 32768
DEBUG main io.netty.buffer.PooledByteBufAllocator - -Dio.netty.allocator.cacheTrimInterval: 8192
DEBUG main io.netty.buffer.ByteBufUtil - -Dio.netty.allocator.type: pooled
DEBUG main io.netty.buffer.ByteBufUtil - -Dio.netty.threadLocalDirectBufferSize: 65536
DEBUG main io.netty.buffer.ByteBufUtil - -Dio.netty.maxThreadLocalCharBufferSize: 16384
ERROR main com.basho.riak.client.core.RiakNode - Connection attempt failed: 127.0.0.1:8098; {}
io.netty.channel.AbstractChannel$AnnotatedConnectException: Połączenie odrzucone: /127.0.0.1:8098
	at sun.nio.ch.SocketChannelImpl.checkConnect(Native Method)
	at sun.nio.ch.SocketChannelImpl.finishConnect(SocketChannelImpl.java:717)
	at io.netty.channel.socket.nio.NioSocketChannel.doFinishConnect(NioSocketChannel.java:347)
	at io.netty.channel.nio.AbstractNioChannel$AbstractNioUnsafe.finishConnect(AbstractNioChannel.java:340)
	at io.netty.channel.nio.NioEventLoop.processSelectedKey(NioEventLoop.java:627)
	at io.netty.channel.nio.NioEventLoop.processSelectedKeysOptimized(NioEventLoop.java:551)
	at io.netty.channel.nio.NioEventLoop.processSelectedKeys(NioEventLoop.java:465)
	at io.netty.channel.nio.NioEventLoop.run(NioEventLoop.java:437)
	at io.netty.util.concurrent.SingleThreadEventExecutor$5.run(SingleThreadEventExecutor.java:873)
	at io.netty.util.concurrent.DefaultThreadFactory$DefaultRunnableDecorator.run(DefaultThreadFactory.java:144)
	at java.lang.Thread.run(Thread.java:748)
ERROR main com.basho.riak.client.core.RiakNode - Connection attempt failed: 127.0.0.1:8098; {}
io.netty.channel.AbstractChannel$AnnotatedConnectException: Połączenie odrzucone: /127.0.0.1:8098
	at sun.nio.ch.SocketChannelImpl.checkConnect(Native Method)
	at sun.nio.ch.SocketChannelImpl.finishConnect(SocketChannelImpl.java:717)
	at io.netty.channel.socket.nio.NioSocketChannel.doFinishConnect(NioSocketChannel.java:347)
	at io.netty.channel.nio.AbstractNioChannel$AbstractNioUnsafe.finishConnect(AbstractNioChannel.java:340)
	at io.netty.channel.nio.NioEventLoop.processSelectedKey(NioEventLoop.java:627)
	at io.netty.channel.nio.NioEventLoop.processSelectedKeysOptimized(NioEventLoop.java:551)
	at io.netty.channel.nio.NioEventLoop.processSelectedKeys(NioEventLoop.java:465)
	at io.netty.channel.nio.NioEventLoop.run(NioEventLoop.java:437)
	at io.netty.util.concurrent.SingleThreadEventExecutor$5.run(SingleThreadEventExecutor.java:873)
	at io.netty.util.concurrent.DefaultThreadFactory$DefaultRunnableDecorator.run(DefaultThreadFactory.java:144)
	at java.lang.Thread.run(Thread.java:748)
ERROR main com.basho.riak.client.core.RiakNode - Connection attempt failed: 127.0.0.1:8098; {}
io.netty.channel.AbstractChannel$AnnotatedConnectException: Połączenie odrzucone: /127.0.0.1:8098
	at sun.nio.ch.SocketChannelImpl.checkConnect(Native Method)
	at sun.nio.ch.SocketChannelImpl.finishConnect(SocketChannelImpl.java:717)
	at io.netty.channel.socket.nio.NioSocketChannel.doFinishConnect(NioSocketChannel.java:347)
	at io.netty.channel.nio.AbstractNioChannel$AbstractNioUnsafe.finishConnect(AbstractNioChannel.java:340)
	at io.netty.channel.nio.NioEventLoop.processSelectedKey(NioEventLoop.java:627)
	at io.netty.channel.nio.NioEventLoop.processSelectedKeysOptimized(NioEventLoop.java:551)
	at io.netty.channel.nio.NioEventLoop.processSelectedKeys(NioEventLoop.java:465)
	at io.netty.channel.nio.NioEventLoop.run(NioEventLoop.java:437)
	at io.netty.util.concurrent.SingleThreadEventExecutor$5.run(SingleThreadEventExecutor.java:873)
	at io.netty.util.concurrent.DefaultThreadFactory$DefaultRunnableDecorator.run(DefaultThreadFactory.java:144)
	at java.lang.Thread.run(Thread.java:748)
ERROR main com.basho.riak.client.core.RiakNode - Connection attempt failed: 127.0.0.1:8098; {}
io.netty.channel.AbstractChannel$AnnotatedConnectException: Połączenie odrzucone: /127.0.0.1:8098
	at sun.nio.ch.SocketChannelImpl.checkConnect(Native Method)
	at sun.nio.ch.SocketChannelImpl.finishConnect(SocketChannelImpl.java:717)
	at io.netty.channel.socket.nio.NioSocketChannel.doFinishConnect(NioSocketChannel.java:347)
	at io.netty.channel.nio.AbstractNioChannel$AbstractNioUnsafe.finishConnect(AbstractNioChannel.java:340)
	at io.netty.channel.nio.NioEventLoop.processSelectedKey(NioEventLoop.java:627)
	at io.netty.channel.nio.NioEventLoop.processSelectedKeysOptimized(NioEventLoop.java:551)
	at io.netty.channel.nio.NioEventLoop.processSelectedKeys(NioEventLoop.java:465)
	at io.netty.channel.nio.NioEventLoop.run(NioEventLoop.java:437)
	at io.netty.util.concurrent.SingleThreadEventExecutor$5.run(SingleThreadEventExecutor.java:873)
	at io.netty.util.concurrent.DefaultThreadFactory$DefaultRunnableDecorator.run(DefaultThreadFactory.java:144)
	at java.lang.Thread.run(Thread.java:748)
ERROR main com.basho.riak.client.core.RiakNode - Connection attempt failed: 127.0.0.1:8098; {}
io.netty.channel.AbstractChannel$AnnotatedConnectException: Połączenie odrzucone: /127.0.0.1:8098
	at sun.nio.ch.SocketChannelImpl.checkConnect(Native Method)
	at sun.nio.ch.SocketChannelImpl.finishConnect(SocketChannelImpl.java:717)
	at io.netty.channel.socket.nio.NioSocketChannel.doFinishConnect(NioSocketChannel.java:347)
	at io.netty.channel.nio.AbstractNioChannel$AbstractNioUnsafe.finishConnect(AbstractNioChannel.java:340)
	at io.netty.channel.nio.NioEventLoop.processSelectedKey(NioEventLoop.java:627)
	at io.netty.channel.nio.NioEventLoop.processSelectedKeysOptimized(NioEventLoop.java:551)
	at io.netty.channel.nio.NioEventLoop.processSelectedKeys(NioEventLoop.java:465)
	at io.netty.channel.nio.NioEventLoop.run(NioEventLoop.java:437)
	at io.netty.util.concurrent.SingleThreadEventExecutor$5.run(SingleThreadEventExecutor.java:873)
	at io.netty.util.concurrent.DefaultThreadFactory$DefaultRunnableDecorator.run(DefaultThreadFactory.java:144)
	at java.lang.Thread.run(Thread.java:748)
ERROR main com.basho.riak.client.core.RiakNode - Connection attempt failed: 127.0.0.1:8098; {}
io.netty.channel.AbstractChannel$AnnotatedConnectException: Połączenie odrzucone: /127.0.0.1:8098
	at sun.nio.ch.SocketChannelImpl.checkConnect(Native Method)
	at sun.nio.ch.SocketChannelImpl.finishConnect(SocketChannelImpl.java:717)
	at io.netty.channel.socket.nio.NioSocketChannel.doFinishConnect(NioSocketChannel.java:347)
	at io.netty.channel.nio.AbstractNioChannel$AbstractNioUnsafe.finishConnect(AbstractNioChannel.java:340)
	at io.netty.channel.nio.NioEventLoop.processSelectedKey(NioEventLoop.java:627)
	at io.netty.channel.nio.NioEventLoop.processSelectedKeysOptimized(NioEventLoop.java:551)
	at io.netty.channel.nio.NioEventLoop.processSelectedKeys(NioEventLoop.java:465)
	at io.netty.channel.nio.NioEventLoop.run(NioEventLoop.java:437)
	at io.netty.util.concurrent.SingleThreadEventExecutor$5.run(SingleThreadEventExecutor.java:873)
	at io.netty.util.concurrent.DefaultThreadFactory$DefaultRunnableDecorator.run(DefaultThreadFactory.java:144)
	at java.lang.Thread.run(Thread.java:748)
ERROR main com.basho.riak.client.core.RiakNode - Connection attempt failed: 127.0.0.1:8098; {}
io.netty.channel.AbstractChannel$AnnotatedConnectException: Połączenie odrzucone: /127.0.0.1:8098
	at sun.nio.ch.SocketChannelImpl.checkConnect(Native Method)
	at sun.nio.ch.SocketChannelImpl.finishConnect(SocketChannelImpl.java:717)
	at io.netty.channel.socket.nio.NioSocketChannel.doFinishConnect(NioSocketChannel.java:347)
	at io.netty.channel.nio.AbstractNioChannel$AbstractNioUnsafe.finishConnect(AbstractNioChannel.java:340)
	at io.netty.channel.nio.NioEventLoop.processSelectedKey(NioEventLoop.java:627)
	at io.netty.channel.nio.NioEventLoop.processSelectedKeysOptimized(NioEventLoop.java:551)
	at io.netty.channel.nio.NioEventLoop.processSelectedKeys(NioEventLoop.java:465)
	at io.netty.channel.nio.NioEventLoop.run(NioEventLoop.java:437)
	at io.netty.util.concurrent.SingleThreadEventExecutor$5.run(SingleThreadEventExecutor.java:873)
	at io.netty.util.concurrent.DefaultThreadFactory$DefaultRunnableDecorator.run(DefaultThreadFactory.java:144)
	at java.lang.Thread.run(Thread.java:748)
ERROR main com.basho.riak.client.core.RiakNode - Connection attempt failed: 127.0.0.1:8098; {}
io.netty.channel.AbstractChannel$AnnotatedConnectException: Połączenie odrzucone: /127.0.0.1:8098
	at sun.nio.ch.SocketChannelImpl.checkConnect(Native Method)
	at sun.nio.ch.SocketChannelImpl.finishConnect(SocketChannelImpl.java:717)
	at io.netty.channel.socket.nio.NioSocketChannel.doFinishConnect(NioSocketChannel.java:347)
	at io.netty.channel.nio.AbstractNioChannel$AbstractNioUnsafe.finishConnect(AbstractNioChannel.java:340)
	at io.netty.channel.nio.NioEventLoop.processSelectedKey(NioEventLoop.java:627)
	at io.netty.channel.nio.NioEventLoop.processSelectedKeysOptimized(NioEventLoop.java:551)
	at io.netty.channel.nio.NioEventLoop.processSelectedKeys(NioEventLoop.java:465)
	at io.netty.channel.nio.NioEventLoop.run(NioEventLoop.java:437)
	at io.netty.util.concurrent.SingleThreadEventExecutor$5.run(SingleThreadEventExecutor.java:873)
	at io.netty.util.concurrent.DefaultThreadFactory$DefaultRunnableDecorator.run(DefaultThreadFactory.java:144)
	at java.lang.Thread.run(Thread.java:748)
ERROR main com.basho.riak.client.core.RiakNode - Connection attempt failed: 127.0.0.1:8098; {}
io.netty.channel.AbstractChannel$AnnotatedConnectException: Połączenie odrzucone: /127.0.0.1:8098
	at sun.nio.ch.SocketChannelImpl.checkConnect(Native Method)
	at sun.nio.ch.SocketChannelImpl.finishConnect(SocketChannelImpl.java:717)
	at io.netty.channel.socket.nio.NioSocketChannel.doFinishConnect(NioSocketChannel.java:347)
	at io.netty.channel.nio.AbstractNioChannel$AbstractNioUnsafe.finishConnect(AbstractNioChannel.java:340)
	at io.netty.channel.nio.NioEventLoop.processSelectedKey(NioEventLoop.java:627)
	at io.netty.channel.nio.NioEventLoop.processSelectedKeysOptimized(NioEventLoop.java:551)
	at io.netty.channel.nio.NioEventLoop.processSelectedKeys(NioEventLoop.java:465)
	at io.netty.channel.nio.NioEventLoop.run(NioEventLoop.java:437)
	at io.netty.util.concurrent.SingleThreadEventExecutor$5.run(SingleThreadEventExecutor.java:873)
	at io.netty.util.concurrent.DefaultThreadFactory$DefaultRunnableDecorator.run(DefaultThreadFactory.java:144)
	at java.lang.Thread.run(Thread.java:748)
ERROR main com.basho.riak.client.core.RiakNode - Connection attempt failed: 127.0.0.1:8098; {}
io.netty.channel.AbstractChannel$AnnotatedConnectException: Połączenie odrzucone: /127.0.0.1:8098
	at sun.nio.ch.SocketChannelImpl.checkConnect(Native Method)
	at sun.nio.ch.SocketChannelImpl.finishConnect(SocketChannelImpl.java:717)
	at io.netty.channel.socket.nio.NioSocketChannel.doFinishConnect(NioSocketChannel.java:347)
	at io.netty.channel.nio.AbstractNioChannel$AbstractNioUnsafe.finishConnect(AbstractNioChannel.java:340)
	at io.netty.channel.nio.NioEventLoop.processSelectedKey(NioEventLoop.java:627)
	at io.netty.channel.nio.NioEventLoop.processSelectedKeysOptimized(NioEventLoop.java:551)
	at io.netty.channel.nio.NioEventLoop.processSelectedKeys(NioEventLoop.java:465)
	at io.netty.channel.nio.NioEventLoop.run(NioEventLoop.java:437)
	at io.netty.util.concurrent.SingleThreadEventExecutor$5.run(SingleThreadEventExecutor.java:873)
	at io.netty.util.concurrent.DefaultThreadFactory$DefaultRunnableDecorator.run(DefaultThreadFactory.java:144)
	at java.lang.Thread.run(Thread.java:748)
INFO main com.basho.riak.client.core.RiakNode - RiakNode started; 127.0.0.1:8098
INFO main com.basho.riak.client.core.RiakCluster - RiakCluster is starting.
INFO main com.bee2code.bioimporter.Application - Finish
INFO main com.basho.riak.client.core.RiakCluster - RiakCluster is shutting down.
INFO pool-1-thread-2 com.basho.riak.client.core.RiakCluster - All operations have completed
INFO pool-1-thread-1 com.basho.riak.client.core.RiakCluster - Retrier shutting down.
DEBUG pool-1-thread-2 com.basho.riak.client.core.RiakCluster - calling shutdown on node 127.0.0.1:8098
INFO pool-1-thread-2 com.basho.riak.client.core.RiakNode - RiakNode shutting down; 127.0.0.1:8098
INFO pool-1-thread-2 com.basho.riak.client.core.DefaultNodeManager - NodeManager removed node due to it shutting down; 127.0.0.1:8098
DEBUG pool-1-thread-1 com.basho.riak.client.core.RiakCluster - Node state changed to shutdown; 127.0.0.1:8098
DEBUG pool-1-thread-1 com.basho.riak.client.core.RiakCluster - Active nodes remaining: 0
DEBUG pool-1-thread-1 com.basho.riak.client.core.RiakCluster - RiakCluster shut down bootstrap
INFO pool-1-thread-1 com.basho.riak.client.core.RiakCluster - RiakCluster has shut down
DEBUG pool-1-thread-1 com.basho.riak.client.core.RiakNode - RiakNode shut down 127.0.0.1:8098
DEBUG main io.netty.util.internal.logging.InternalLoggerFactory - Using SLF4J as the default logging framework
DEBUG main io.netty.channel.MultithreadEventLoopGroup - -Dio.netty.eventLoopThreads: 16
DEBUG main io.netty.util.internal.PlatformDependent0 - java.nio.Buffer.address: available
DEBUG main io.netty.util.internal.PlatformDependent0 - sun.misc.Unsafe.theUnsafe: available
DEBUG main io.netty.util.internal.PlatformDependent0 - sun.misc.Unsafe.copyMemory: available
DEBUG main io.netty.util.internal.PlatformDependent0 - direct buffer constructor: available
DEBUG main io.netty.util.internal.PlatformDependent0 - java.nio.Bits.unaligned: available, true
DEBUG main io.netty.util.internal.PlatformDependent0 - java.nio.DirectByteBuffer.<init>(long, int): available
DEBUG main io.netty.util.internal.Cleaner0 - java.nio.ByteBuffer.cleaner(): available
DEBUG main io.netty.util.internal.PlatformDependent - Java version: 8
DEBUG main io.netty.util.internal.PlatformDependent - -Dio.netty.noUnsafe: false
DEBUG main io.netty.util.internal.PlatformDependent - sun.misc.Unsafe: available
DEBUG main io.netty.util.internal.PlatformDependent - -Dio.netty.noJavassist: false
DEBUG main io.netty.util.internal.PlatformDependent - Javassist: unavailable
DEBUG main io.netty.util.internal.PlatformDependent - You don't have Javassist in your class path or you don't have enough permission to load dynamically generated classes.  Please check the configuration for better performance.
DEBUG main io.netty.util.internal.PlatformDependent - -Dio.netty.tmpdir: /tmp (java.io.tmpdir)
DEBUG main io.netty.util.internal.PlatformDependent - -Dio.netty.bitMode: 64 (sun.arch.data.model)
DEBUG main io.netty.util.internal.PlatformDependent - -Dio.netty.noPreferDirect: false
DEBUG main io.netty.util.internal.PlatformDependent - io.netty.maxDirectMemory: 7464288256 bytes
DEBUG main io.netty.channel.nio.NioEventLoop - -Dio.netty.noKeySetOptimization: false
DEBUG main io.netty.channel.nio.NioEventLoop - -Dio.netty.selectorAutoRebuildThreshold: 512
DEBUG main io.netty.util.internal.PlatformDependent - org.jctools-core.MpscChunkedArrayQueue: available
DEBUG main io.netty.channel.DefaultChannelId - -Dio.netty.processId: 27964 (auto-detected)
DEBUG main io.netty.util.NetUtil - -Djava.net.preferIPv4Stack: false
DEBUG main io.netty.util.NetUtil - -Djava.net.preferIPv6Addresses: false
DEBUG main io.netty.util.NetUtil - Loopback interface: lo (lo, 0:0:0:0:0:0:0:1%lo)
DEBUG main io.netty.util.NetUtil - /proc/sys/net/core/somaxconn: 128
DEBUG main io.netty.channel.DefaultChannelId - -Dio.netty.machineId: 84:7b:eb:ff:fe:54:f2:ec (auto-detected)
DEBUG main io.netty.util.internal.ThreadLocalRandom - -Dio.netty.initialSeedUniquifier: 0xec09a915e2b4b819
DEBUG main io.netty.util.ResourceLeakDetector - -Dio.netty.leakDetection.level: simple
DEBUG main io.netty.util.ResourceLeakDetector - -Dio.netty.leakDetection.maxRecords: 4
DEBUG main io.netty.buffer.PooledByteBufAllocator - -Dio.netty.allocator.numHeapArenas: 16
DEBUG main io.netty.buffer.PooledByteBufAllocator - -Dio.netty.allocator.numDirectArenas: 16
DEBUG main io.netty.buffer.PooledByteBufAllocator - -Dio.netty.allocator.pageSize: 8192
DEBUG main io.netty.buffer.PooledByteBufAllocator - -Dio.netty.allocator.maxOrder: 11
DEBUG main io.netty.buffer.PooledByteBufAllocator - -Dio.netty.allocator.chunkSize: 16777216
DEBUG main io.netty.buffer.PooledByteBufAllocator - -Dio.netty.allocator.tinyCacheSize: 512
DEBUG main io.netty.buffer.PooledByteBufAllocator - -Dio.netty.allocator.smallCacheSize: 256
DEBUG main io.netty.buffer.PooledByteBufAllocator - -Dio.netty.allocator.normalCacheSize: 64
DEBUG main io.netty.buffer.PooledByteBufAllocator - -Dio.netty.allocator.maxCachedBufferCapacity: 32768
DEBUG main io.netty.buffer.PooledByteBufAllocator - -Dio.netty.allocator.cacheTrimInterval: 8192
DEBUG main io.netty.buffer.ByteBufUtil - -Dio.netty.allocator.type: pooled
DEBUG main io.netty.buffer.ByteBufUtil - -Dio.netty.threadLocalDirectBufferSize: 65536
DEBUG main io.netty.buffer.ByteBufUtil - -Dio.netty.maxThreadLocalCharBufferSize: 16384
DEBUG nioEventLoopGroup-2-1 io.netty.util.Recycler - -Dio.netty.recycler.maxCapacityPerThread: 32768
DEBUG nioEventLoopGroup-2-1 io.netty.util.Recycler - -Dio.netty.recycler.maxSharedCapacityFactor: 2
DEBUG nioEventLoopGroup-2-1 io.netty.util.Recycler - -Dio.netty.recycler.linkCapacity: 16
DEBUG nioEventLoopGroup-2-1 io.netty.util.Recycler - -Dio.netty.recycler.ratio: 8
INFO main com.basho.riak.client.core.RiakNode - RiakNode started; 127.0.0.1:8098
INFO main com.basho.riak.client.core.RiakCluster - RiakCluster is starting.
INFO main com.bee2code.bioimporter.Application - Finish
INFO main com.basho.riak.client.core.RiakCluster - RiakCluster is shutting down.
DEBUG nioEventLoopGroup-2-1 io.netty.buffer.AbstractByteBuf - -Dio.netty.buffer.bytebuf.checkAccessible: true
DEBUG nioEventLoopGroup-2-1 io.netty.util.ResourceLeakDetectorFactory - Loaded default ResourceLeakDetector: io.netty.util.ResourceLeakDetector@1b01f3f6
INFO nioEventLoopGroup-2-6 com.basho.riak.client.core.RiakNode - Available channel closed; id:669090900 127.0.0.1:8098
INFO nioEventLoopGroup-2-7 com.basho.riak.client.core.RiakNode - Available channel closed; id:794129901 127.0.0.1:8098
INFO nioEventLoopGroup-2-4 com.basho.riak.client.core.RiakNode - Available channel closed; id:-1032325053 127.0.0.1:8098
INFO nioEventLoopGroup-2-3 com.basho.riak.client.core.RiakNode - Available channel closed; id:1377886612 127.0.0.1:8098
INFO nioEventLoopGroup-2-9 com.basho.riak.client.core.RiakNode - Available channel closed; id:-1458028637 127.0.0.1:8098
INFO nioEventLoopGroup-2-1 com.basho.riak.client.core.RiakNode - Available channel closed; id:-1150942737 127.0.0.1:8098
INFO nioEventLoopGroup-2-2 com.basho.riak.client.core.RiakNode - Available channel closed; id:365701066 127.0.0.1:8098
INFO nioEventLoopGroup-2-8 com.basho.riak.client.core.RiakNode - Available channel closed; id:-1304038427 127.0.0.1:8098
INFO nioEventLoopGroup-2-5 com.basho.riak.client.core.RiakNode - Available channel closed; id:-1480458479 127.0.0.1:8098
INFO nioEventLoopGroup-2-10 com.basho.riak.client.core.RiakNode - Available channel closed; id:-1687979988 127.0.0.1:8098
INFO pool-1-thread-2 com.basho.riak.client.core.RiakCluster - All operations have completed
INFO pool-1-thread-1 com.basho.riak.client.core.RiakCluster - Retrier shutting down.
DEBUG pool-1-thread-2 com.basho.riak.client.core.RiakCluster - calling shutdown on node 127.0.0.1:8098
INFO pool-1-thread-2 com.basho.riak.client.core.RiakNode - RiakNode shutting down; 127.0.0.1:8098
INFO pool-1-thread-2 com.basho.riak.client.core.DefaultNodeManager - NodeManager removed node due to it shutting down; 127.0.0.1:8098
DEBUG pool-1-thread-1 com.basho.riak.client.core.RiakCluster - Node state changed to shutdown; 127.0.0.1:8098
DEBUG pool-1-thread-1 com.basho.riak.client.core.RiakCluster - Active nodes remaining: 0
DEBUG pool-1-thread-1 com.basho.riak.client.core.RiakCluster - RiakCluster shut down bootstrap
INFO pool-1-thread-1 com.basho.riak.client.core.RiakCluster - RiakCluster has shut down
DEBUG pool-1-thread-1 com.basho.riak.client.core.RiakNode - RiakNode shut down 127.0.0.1:8098
DEBUG nioEventLoopGroup-2-4 io.netty.buffer.PoolThreadCache - Freed 1 thread-local buffer(s) from thread: nioEventLoopGroup-2-4
DEBUG nioEventLoopGroup-2-6 io.netty.buffer.PoolThreadCache - Freed 1 thread-local buffer(s) from thread: nioEventLoopGroup-2-6
DEBUG nioEventLoopGroup-2-8 io.netty.buffer.PoolThreadCache - Freed 1 thread-local buffer(s) from thread: nioEventLoopGroup-2-8
DEBUG nioEventLoopGroup-2-2 io.netty.buffer.PoolThreadCache - Freed 1 thread-local buffer(s) from thread: nioEventLoopGroup-2-2
DEBUG nioEventLoopGroup-2-10 io.netty.buffer.PoolThreadCache - Freed 1 thread-local buffer(s) from thread: nioEventLoopGroup-2-10
DEBUG nioEventLoopGroup-2-1 io.netty.buffer.PoolThreadCache - Freed 1 thread-local buffer(s) from thread: nioEventLoopGroup-2-1
DEBUG nioEventLoopGroup-2-7 io.netty.buffer.PoolThreadCache - Freed 1 thread-local buffer(s) from thread: nioEventLoopGroup-2-7
DEBUG nioEventLoopGroup-2-9 io.netty.buffer.PoolThreadCache - Freed 1 thread-local buffer(s) from thread: nioEventLoopGroup-2-9
DEBUG nioEventLoopGroup-2-5 io.netty.buffer.PoolThreadCache - Freed 1 thread-local buffer(s) from thread: nioEventLoopGroup-2-5
DEBUG nioEventLoopGroup-2-3 io.netty.buffer.PoolThreadCache - Freed 1 thread-local buffer(s) from thread: nioEventLoopGroup-2-3
